#
# A fatal error has been detected by the Java Runtime Environment:
#
#  SIGSEGV (0xb) at pc=0x00007f462bb5c0ad, pid=14668, tid=14686
#
# JRE version: OpenJDK Runtime Environment (11.0.6+10) (build 11.0.6+10-post-Ubuntu-1ubuntu119.10.1)
# Java VM: OpenJDK 64-Bit Server VM (11.0.6+10-post-Ubuntu-1ubuntu119.10.1, mixed mode, sharing, tiered, compressed oops, g1 gc, linux-amd64)
# Problematic frame:
# C  [libjimage.so+0x30ad]
#
# Core dump will be written. Default location: Core dumps may be processed with "/usr/share/apport/apport %p %s %c %d %P %E" (or dumping to /home/fedeparg/POA-Lonja/LonjaPOA/core.14668)
#
# If you would like to submit a bug report, please visit:
#   https://bugs.launchpad.net/ubuntu/+source/openjdk-lts
#

---------------  S U M M A R Y ------------

Command Line: -agentlib:jdwp=transport=dt_socket,suspend=y,address=localhost:41593 -javaagent:/home/fedeparg/eclipse/java-2020-03/eclipse/configuration/org.eclipse.osgi/217/0/.cp/lib/javaagent-shaded.jar -Dfile.encoding=UTF-8 POA.Escenario.EscenarioPrueba configs/scenario.yaml

Host: Intel(R) Core(TM) i7-4770K CPU @ 3.50GHz, 8 cores, 3G, Pop!_OS 19.10
Time: Tue Apr  7 13:02:22 2020 CEST elapsed time: 40 seconds (0d 0h 0m 40s)

---------------  T H R E A D  ---------------

Current thread (0x00007f4624140000):  JavaThread "Signal Dispatcher" daemon [_thread_in_vm, id=14686, stack(0x00007f45fcc80000,0x00007f45fcd81000)]

Stack: [0x00007f45fcc80000,0x00007f45fcd81000],  sp=0x00007f45fcd7e160,  free space=1016k
Native frames: (J=compiled Java code, A=aot compiled Java code, j=interpreted, Vv=VM code, C=native code)
C  [libjimage.so+0x30ad]
C  [libjimage.so+0x3da2]
C  [libjimage.so+0x42b1]  JIMAGE_FindResource+0xf1
V  [libjvm.so+0x57e251]
V  [libjvm.so+0x580a01]
V  [libjvm.so+0xceb60d]
V  [libjvm.so+0xcea19a]
V  [libjvm.so+0xcec75b]
V  [libjvm.so+0x62d7ce]
V  [libjvm.so+0x818ef6]
j  jdk.internal.misc.Signal.dispatch(I)V+25 java.base@11.0.6
v  ~StubRoutines::call_stub
V  [libjvm.so+0x8218b9]
V  [libjvm.so+0x8208d2]
V  [libjvm.so+0xb7eabe]
V  [libjvm.so+0xd2383f]
V  [libjvm.so+0xd23c20]
V  [libjvm.so+0xd1e888]
V  [libjvm.so+0xb8eef6]

Java frames: (J=compiled Java code, j=interpreted, Vv=VM code)
j  jdk.internal.misc.Signal.dispatch(I)V+25 java.base@11.0.6
v  ~StubRoutines::call_stub

siginfo: si_signo: 11 (SIGSEGV), si_code: 1 (SEGV_MAPERR), si_addr: 0x00007f461b91bdf8

Register to memory mapping:

RAX=0x0000000000002f77 is an unknown value
RBX=0x00007f45fcd7e211 is pointing into the stack for thread: 0x00007f4624140000
RCX=0x00007f45fcd7e233 is pointing into the stack for thread: 0x00007f4624140000
RDX=0x0000000000002f77 is an unknown value
RSP=0x00007f45fcd7e160 is pointing into the stack for thread: 0x00007f4624140000
RBP=0x00007f45fcd7e180 is pointing into the stack for thread: 0x00007f4624140000
RSI=0x0 is NULL
RDI=0x00007f462bb61130: <offset 0x0000000000008130> in /usr/lib/jvm/java-11-openjdk-amd64/lib/libjimage.so at 0x00007f462bb59000
R8 =0x00007f461b91001c is an unknown value
R9 =0x00007f4624141ad0 points into unknown readable memory: 02 00 00 00 00 00 00 00
R10=0x00007f462ceade20: <offset 0x0000000000e47e20> in /usr/lib/jvm/java-11-openjdk-amd64/lib/server/libjvm.so at 0x00007f462c066000
R11=0x00007f45fcd7f388 is pointing into the stack for thread: 0x00007f4624140000
R12=0x00000000000083a0 is an unknown value
R13=0x00007f45fcd7e210 is pointing into the stack for thread: 0x00007f4624140000
R14=0x0 is NULL
R15=0x00007f46241409a0 points into unknown readable memory: 6a 64 6b 2f 69 6e 74 65


Registers:
RAX=0x0000000000002f77, RBX=0x00007f45fcd7e211, RCX=0x00007f45fcd7e233, RDX=0x0000000000002f77
RSP=0x00007f45fcd7e160, RBP=0x00007f45fcd7e180, RSI=0x0000000000000000, RDI=0x00007f462bb61130
R8 =0x00007f461b91001c, R9 =0x00007f4624141ad0, R10=0x00007f462ceade20, R11=0x00007f45fcd7f388
R12=0x00000000000083a0, R13=0x00007f45fcd7e210, R14=0x0000000000000000, R15=0x00007f46241409a0
RIP=0x00007f462bb5c0ad, EFLAGS=0x0000000000010246, CSGSFS=0x002b000000000033, ERR=0x0000000000000004
  TRAPNO=0x000000000000000e

Top of Stack: (sp=0x00007f45fcd7e160)
0x00007f45fcd7e160:   0000000000000000 00007f45fcd7f2a8
0x00007f45fcd7e170:   00007f4624022bd0 00007f45fcd7e210
0x00007f45fcd7e180:   00007f45fcd7e1f0 00007f462bb5cda2
0x00007f45fcd7e190:   0000000000000000 0000000000000000 

Instructions: (pc=0x00007f462bb5c0ad)
0x00007f462bb5bfad:   f3 ff ff 44 03 65 90 e9 3f fe ff ff 0f 1f 80 00
0x00007f462bb5bfbd:   00 00 00 41 8b 10 41 89 55 00 41 8b 54 00 fc 41
0x00007f462bb5bfcd:   89 54 05 fc e9 82 fc ff ff 66 2e 0f 1f 84 00 00
0x00007f462bb5bfdd:   00 00 00 b9 0a 00 00 00 e9 f0 fc ff ff 41 0f b7
0x00007f462bb5bfed:   54 00 fe 66 41 89 54 05 fe e9 5d fc ff ff 0f 1f
0x00007f462bb5bffd:   44 00 00 f3 0f 1e fa 0f b6 17 89 f0 89 f1 4c 8d
0x00007f462bb5c00d:   47 01 84 d2 74 1c 0f 1f 44 00 00 69 c9 93 01 00
0x00007f462bb5c01d:   01 49 83 c0 01 31 d1 41 0f b6 50 ff 84 d2 75 eb
0x00007f462bb5c02d:   89 c8 25 ff ff ff 7f c3 90 66 2e 0f 1f 84 00 00
0x00007f462bb5c03d:   00 00 00 f3 0f 1e fa 48 85 d2 0f 84 da 00 00 00
0x00007f462bb5c04d:   55 48 89 e5 41 55 41 54 41 89 cc 53 48 83 ec 08
0x00007f462bb5c05d:   85 c9 0f 84 ba 00 00 00 49 89 f5 48 8d 5e 01 0f
0x00007f462bb5c06d:   b6 36 49 89 d0 40 84 f6 0f 84 9d 00 00 00 48 89
0x00007f462bb5c07d:   d9 b8 93 01 00 01 0f 1f 44 00 00 69 d0 93 01 00
0x00007f462bb5c08d:   01 48 83 c1 01 40 0f b6 c6 0f b6 71 ff 31 d0 40
0x00007f462bb5c09d:   84 f6 75 e7 25 ff ff ff 7f 31 d2 41 f7 f4 89 d0
0x00007f462bb5c0ad:   41 8b 34 80 48 8b 07 ff 50 20 85 c0 7f 15 74 62
0x00007f462bb5c0bd:   f7 d0 41 89 c0 48 83 c4 08 44 89 c0 5b 41 5c 41
0x00007f462bb5c0cd:   5d 5d c3 41 0f b6 4d 00 89 c6 84 c9 74 1b 0f 1f
0x00007f462bb5c0dd:   44 00 00 69 f6 93 01 00 01 48 83 c3 01 31 ce 0f
0x00007f462bb5c0ed:   b6 4b ff 84 c9 75 ec 89 f0 25 ff ff ff 7f 31 d2
0x00007f462bb5c0fd:   48 83 c4 08 41 f7 f4 5b 41 5c 41 5d 5d 41 89 d0
0x00007f462bb5c10d:   44 89 c0 c3 0f 1f 80 00 00 00 00 b8 93 01 00 01
0x00007f462bb5c11d:   eb 87 41 b8 ff ff ff ff eb 9b 41 83 c8 ff 44 89
0x00007f462bb5c12d:   c0 c3 90 f3 0f 1e fa eb 1d 66 2e 0f 1f 84 00 00
0x00007f462bb5c13d:   00 00 00 0f b6 16 84 d2 74 13 38 c2 75 15 48 83
0x00007f462bb5c14d:   c7 01 48 83 c6 01 0f b6 07 84 c0 75 e6 48 89 f8
0x00007f462bb5c15d:   c3 66 90 31 c0 c3 90 66 66 2e 0f 1f 84 00 00 00
0x00007f462bb5c16d:   00 00 90 f3 0f 1e fa 48 85 f6 74 51 0f b6 06 84
0x00007f462bb5c17d:   c0 74 4a 0f b6 d0 83 e0 07 c1 fa 03 44 8d 50 01
0x00007f462bb5c18d:   0f b6 c0 41 89 d1 4c 8d 44 06 02 48 8d 56 01 31
0x00007f462bb5c19d:   c0 66 90 0f b6 0a 48 c1 e0 08 48 83 c2 01 48 09 


Stack slot to memory mapping:
stack at sp + 0 slots: 0x0 is NULL
stack at sp + 1 slots: 0x00007f45fcd7f2a8 is pointing into the stack for thread: 0x00007f4624140000
stack at sp + 2 slots: 0x00007f4624022bd0 points into unknown readable memory: 30 e5 00 d4 45 7f 00 00
stack at sp + 3 slots: 0x00007f45fcd7e210 is pointing into the stack for thread: 0x00007f4624140000
stack at sp + 4 slots: 0x00007f45fcd7e1f0 is pointing into the stack for thread: 0x00007f4624140000
stack at sp + 5 slots: 0x00007f462bb5cda2: <offset 0x0000000000003da2> in /usr/lib/jvm/java-11-openjdk-amd64/lib/libjimage.so at 0x00007f462bb59000
stack at sp + 6 slots: 0x0 is NULL
stack at sp + 7 slots: 0x0 is NULL


---------------  P R O C E S S  ---------------

Threads class SMR info:
_java_thread_list=0x00007f45cc002c50, length=33, elements={
0x00007f4624138800, 0x00007f462413a800, 0x00007f4624140000, 0x00007f4624142000,
0x00007f4624144000, 0x00007f4624146000, 0x00007f4624154000, 0x00007f4624195000,
0x00007f4624198800, 0x00007f4624261000, 0x00007f4624433000, 0x00007f4624449000,
0x00007f462444a800, 0x00007f4624455800, 0x00007f4624641800, 0x00007f462466e000,
0x00007f4624687800, 0x00007f4624688000, 0x00007f4624689000, 0x00007f462468a800,
0x00007f462468c800, 0x00007f4624723000, 0x00007f4624728000, 0x00007f4624729000,
0x00007f4624769000, 0x00007f462476a000, 0x00007f4624771800, 0x00007f4624772000,
0x00007f462477d800, 0x00007f462477e800, 0x00007f4624016000, 0x00007f4550153800,
0x00007f4550158000
}

Java Threads: ( => current thread )
  0x00007f4624138800 JavaThread "Reference Handler" daemon [_thread_blocked, id=14684, stack(0x00007f45fdd7c000,0x00007f45fde7d000)]
  0x00007f462413a800 JavaThread "Finalizer" daemon [_thread_blocked, id=14685, stack(0x00007f45fdc7b000,0x00007f45fdd7c000)]
=>0x00007f4624140000 JavaThread "Signal Dispatcher" daemon [_thread_in_vm, id=14686, stack(0x00007f45fcc80000,0x00007f45fcd81000)]
  0x00007f4624142000 JavaThread "C2 CompilerThread0" daemon [_thread_blocked, id=14687, stack(0x00007f45fcb7f000,0x00007f45fcc80000)]
  0x00007f4624144000 JavaThread "C1 CompilerThread0" daemon [_thread_blocked, id=14688, stack(0x00007f45fca7e000,0x00007f45fcb7f000)]
  0x00007f4624146000 JavaThread "Sweeper thread" daemon [_thread_blocked, id=14689, stack(0x00007f45fc97d000,0x00007f45fca7e000)]
  0x00007f4624154000 JavaThread "Common-Cleaner" daemon [_thread_blocked, id=14690, stack(0x00007f45fc87c000,0x00007f45fc97d000)]
  0x00007f4624195000 JavaThread "JDWP Transport Listener: dt_socket" daemon [_thread_in_native, id=14692, stack(0x00007f45fc740000,0x00007f45fc841000)]
  0x00007f4624198800 JavaThread "JDWP Event Helper Thread" daemon [_thread_blocked, id=14695, stack(0x00007f45fc63f000,0x00007f45fc740000)]
  0x00007f4624261000 JavaThread "Service Thread" daemon [_thread_blocked, id=14699, stack(0x00007f45fc43d000,0x00007f45fc53e000)]
  0x00007f4624433000 JavaThread "JADE Timer dispatcher" [_thread_blocked, id=14701, stack(0x00007f45fc23a000,0x00007f45fc33b000)]
  0x00007f4624449000 JavaThread "JICPServer-10000" daemon [_thread_in_native, id=14702, stack(0x00007f45fc139000,0x00007f45fc23a000)]
  0x00007f462444a800 JavaThread "Thread-2" [_thread_blocked, id=14703, stack(0x00007f45fc038000,0x00007f45fc139000)]
  0x00007f4624455800 JavaThread "Thread-3" [_thread_in_native, id=14704, stack(0x00007f45b7eff000,0x00007f45b8000000)]
  0x00007f4624641800 JavaThread "Java2D Disposer" daemon [_thread_blocked, id=14715, stack(0x00007f45b4970000,0x00007f45b4a71000)]
  0x00007f462466e000 JavaThread "AWT-XAWT" daemon [_thread_in_native, id=14716, stack(0x00007f45b464a000,0x00007f45b474b000)]
  0x00007f4624687800 JavaThread "Deliverer-00" [_thread_blocked, id=14717, stack(0x00007f45b4549000,0x00007f45b464a000)]
  0x00007f4624688000 JavaThread "Deliverer-01" [_thread_blocked, id=14718, stack(0x00007f45b4448000,0x00007f45b4549000)]
  0x00007f4624689000 JavaThread "Deliverer-02" [_thread_blocked, id=14719, stack(0x00007f45b4347000,0x00007f45b4448000)]
  0x00007f462468a800 JavaThread "Deliverer-03" [_thread_blocked, id=14720, stack(0x00007f45b4246000,0x00007f45b4347000)]
  0x00007f462468c800 JavaThread "Deliverer-04" [_thread_blocked, id=14721, stack(0x00007f45b4145000,0x00007f45b4246000)]
  0x00007f4624723000 JavaThread "Thread-9" [_thread_in_native, id=14723, stack(0x00007f45b73e3000,0x00007f45b74e4000)]
  0x00007f4624728000 JavaThread "ams" [_thread_blocked, id=14724, stack(0x00007f45b72e2000,0x00007f45b73e3000)]
  0x00007f4624729000 JavaThread "df" [_thread_blocked, id=14725, stack(0x00007f45b4044000,0x00007f45b4145000)]
  0x00007f4624769000 JavaThread "rma" [_thread_blocked, id=14726, stack(0x00007f456b9f2000,0x00007f456baf3000)]
  0x00007f462476a000 JavaThread "Lonja" [_thread_in_Java, id=14727, stack(0x00007f456b8f1000,0x00007f456b9f2000)]
  0x00007f4624771800 JavaThread "Comprador1" [_thread_blocked, id=14728, stack(0x00007f456b7f0000,0x00007f456b8f1000)]
  0x00007f4624772000 JavaThread "Comprador2" [_thread_blocked, id=14729, stack(0x00007f456b6ef000,0x00007f456b7f0000)]
  0x00007f462477d800 JavaThread "Vendedor1" [_thread_blocked, id=14730, stack(0x00007f456b5ee000,0x00007f456b6ef000)]
  0x00007f462477e800 JavaThread "Vendedor2" [_thread_blocked, id=14731, stack(0x00007f456b4ed000,0x00007f456b5ee000)]
  0x00007f4624016000 JavaThread "DestroyJavaVM" [_thread_blocked, id=14677, stack(0x00007f462bc0e000,0x00007f462bd0f000)]
  0x00007f4550153800 JavaThread "AWT-Shutdown" [_thread_blocked, id=14734, stack(0x00007f45b74f0000,0x00007f45b75f1000)]
  0x00007f4550158000 JavaThread "AWT-EventQueue-0" [_thread_blocked, id=14735, stack(0x00007f456baff000,0x00007f456bc00000)]

Other Threads:
  0x00007f4624135800 VMThread "VM Thread" [stack: 0x00007f45fde7f000,0x00007f45fdf7f000] [id=14683]
  0x00007f4624263000 WatcherThread [stack: 0x00007f45fc33d000,0x00007f45fc43d000] [id=14700]
  0x00007f462402e800 GCTaskThread "GC Thread#0" [stack: 0x00007f462b875000,0x00007f462b975000] [id=14678]
  0x00007f45f4021000 GCTaskThread "GC Thread#1" [stack: 0x00007f45b7dff000,0x00007f45b7eff000] [id=14705]
  0x00007f45f4022800 GCTaskThread "GC Thread#2" [stack: 0x00007f45b7cfd000,0x00007f45b7dfd000] [id=14706]
  0x00007f45f4024000 GCTaskThread "GC Thread#3" [stack: 0x00007f45b7bfb000,0x00007f45b7cfb000] [id=14707]
  0x00007f45f4025800 GCTaskThread "GC Thread#4" [stack: 0x00007f45b7af9000,0x00007f45b7bf9000] [id=14708]
  0x00007f45f4027800 GCTaskThread "GC Thread#5" [stack: 0x00007f45b79f7000,0x00007f45b7af7000] [id=14709]
  0x00007f45f4029000 GCTaskThread "GC Thread#6" [stack: 0x00007f45b78f5000,0x00007f45b79f5000] [id=14710]
  0x00007f45f402b000 GCTaskThread "GC Thread#7" [stack: 0x00007f45b77f3000,0x00007f45b78f3000] [id=14711]
  0x00007f462404a000 ConcurrentGCThread "G1 Main Marker" [stack: 0x00007f4628ae0000,0x00007f4628be0000] [id=14679]
  0x00007f462404c000 ConcurrentGCThread "G1 Conc#0" [stack: 0x00007f46289de000,0x00007f4628ade000] [id=14680]
  0x00007f4600001000 ConcurrentGCThread "G1 Conc#1" [stack: 0x00007f456afed000,0x00007f456b0ed000] [id=14736]
  0x00007f46240a0000 ConcurrentGCThread "G1 Refine#0" [stack: 0x00007f46280d4000,0x00007f46281d4000] [id=14681]
  0x00007f46240a1800 ConcurrentGCThread "G1 Young RemSet Sampling" [stack: 0x00007f460c810000,0x00007f460c910000] [id=14682]

Threads with active compile tasks:

VM state:not at safepoint (normal execution)

VM Mutex/Monitor currently owned by a thread: None

Heap address: 0x00000000c2e00000, size: 978 MB, Compressed Oops mode: 32-bit
Narrow klass base: 0x0000000800000000, Narrow klass shift: 3
Compressed class space size: 1073741824 Address: 0x0000000840000000

Heap:
 garbage-first heap   total 251904K, used 91567K [0x00000000c2e00000, 0x0000000100000000)
  region size 1024K, 84 young (86016K), 1 survivors (1024K)
 Metaspace       used 23686K, capacity 24442K, committed 24704K, reserved 1071104K
  class space    used 2862K, capacity 3151K, committed 3200K, reserved 1048576K
Heap Regions: E=young(eden), S=young(survivor), O=old, HS=humongous(starts), HC=humongous(continues), CS=collection set, F=free, A=archive, TAMS=top-at-mark-start (previous, next)
|   0|0x00000000c2e00000, 0x00000000c2f00000, 0x00000000c2f00000|100%| O|  |TAMS 0x00000000c2f00000, 0x00000000c2e00000| Untracked 
|   1|0x00000000c2f00000, 0x00000000c3000000, 0x00000000c3000000|100%| O|  |TAMS 0x00000000c3000000, 0x00000000c2f00000| Untracked 
|   2|0x00000000c3000000, 0x00000000c3100000, 0x00000000c3100000|100%| O|  |TAMS 0x00000000c3039a00, 0x00000000c3000000| Untracked 
|   3|0x00000000c3100000, 0x00000000c3200000, 0x00000000c3200000|100%| O|  |TAMS 0x00000000c3100000, 0x00000000c3100000| Untracked 
|   4|0x00000000c3200000, 0x00000000c3300000, 0x00000000c3300000|100%| O|  |TAMS 0x00000000c3200000, 0x00000000c3200000| Untracked 
|   5|0x00000000c3300000, 0x00000000c3400000, 0x00000000c3400000|100%| O|  |TAMS 0x00000000c3300000, 0x00000000c3300000| Untracked 
|   6|0x00000000c3400000, 0x00000000c34b8c00, 0x00000000c3500000| 72%| O|  |TAMS 0x00000000c3400000, 0x00000000c3400000| Untracked 
|   7|0x00000000c3500000, 0x00000000c3500000, 0x00000000c3600000|  0%| F|  |TAMS 0x00000000c3500000, 0x00000000c3500000| Untracked 
|   8|0x00000000c3600000, 0x00000000c3600000, 0x00000000c3700000|  0%| F|  |TAMS 0x00000000c3600000, 0x00000000c3600000| Untracked 
|   9|0x00000000c3700000, 0x00000000c3700000, 0x00000000c3800000|  0%| F|  |TAMS 0x00000000c3700000, 0x00000000c3700000| Untracked 
|  10|0x00000000c3800000, 0x00000000c3800000, 0x00000000c3900000|  0%| F|  |TAMS 0x00000000c3800000, 0x00000000c3800000| Untracked 
|  11|0x00000000c3900000, 0x00000000c3900000, 0x00000000c3a00000|  0%| F|  |TAMS 0x00000000c3900000, 0x00000000c3900000| Untracked 
|  12|0x00000000c3a00000, 0x00000000c3a00000, 0x00000000c3b00000|  0%| F|  |TAMS 0x00000000c3a00000, 0x00000000c3a00000| Untracked 
|  13|0x00000000c3b00000, 0x00000000c3b00000, 0x00000000c3c00000|  0%| F|  |TAMS 0x00000000c3b00000, 0x00000000c3b00000| Untracked 
|  14|0x00000000c3c00000, 0x00000000c3c00000, 0x00000000c3d00000|  0%| F|  |TAMS 0x00000000c3c00000, 0x00000000c3c00000| Untracked 
|  15|0x00000000c3d00000, 0x00000000c3d00000, 0x00000000c3e00000|  0%| F|  |TAMS 0x00000000c3d00000, 0x00000000c3d00000| Untracked 
|  16|0x00000000c3e00000, 0x00000000c3e00000, 0x00000000c3f00000|  0%| F|  |TAMS 0x00000000c3e00000, 0x00000000c3e00000| Untracked 
|  17|0x00000000c3f00000, 0x00000000c3f00000, 0x00000000c4000000|  0%| F|  |TAMS 0x00000000c3f00000, 0x00000000c3f00000| Untracked 
|  18|0x00000000c4000000, 0x00000000c4000000, 0x00000000c4100000|  0%| F|  |TAMS 0x00000000c4000000, 0x00000000c4000000| Untracked 
|  19|0x00000000c4100000, 0x00000000c4100000, 0x00000000c4200000|  0%| F|  |TAMS 0x00000000c4100000, 0x00000000c4100000| Untracked 
|  20|0x00000000c4200000, 0x00000000c4200000, 0x00000000c4300000|  0%| F|  |TAMS 0x00000000c4200000, 0x00000000c4200000| Untracked 
|  21|0x00000000c4300000, 0x00000000c4300000, 0x00000000c4400000|  0%| F|  |TAMS 0x00000000c4300000, 0x00000000c4300000| Untracked 
|  22|0x00000000c4400000, 0x00000000c4400000, 0x00000000c4500000|  0%| F|  |TAMS 0x00000000c4400000, 0x00000000c4400000| Untracked 
|  23|0x00000000c4500000, 0x00000000c4500000, 0x00000000c4600000|  0%| F|  |TAMS 0x00000000c4500000, 0x00000000c4500000| Untracked 
|  24|0x00000000c4600000, 0x00000000c4600000, 0x00000000c4700000|  0%| F|  |TAMS 0x00000000c4600000, 0x00000000c4600000| Untracked 
|  25|0x00000000c4700000, 0x00000000c4700000, 0x00000000c4800000|  0%| F|  |TAMS 0x00000000c4700000, 0x00000000c4700000| Untracked 
|  26|0x00000000c4800000, 0x00000000c4800000, 0x00000000c4900000|  0%| F|  |TAMS 0x00000000c4800000, 0x00000000c4800000| Untracked 
|  27|0x00000000c4900000, 0x00000000c4900000, 0x00000000c4a00000|  0%| F|  |TAMS 0x00000000c4900000, 0x00000000c4900000| Untracked 
|  28|0x00000000c4a00000, 0x00000000c4a00000, 0x00000000c4b00000|  0%| F|  |TAMS 0x00000000c4a00000, 0x00000000c4a00000| Untracked 
|  29|0x00000000c4b00000, 0x00000000c4b00000, 0x00000000c4c00000|  0%| F|  |TAMS 0x00000000c4b00000, 0x00000000c4b00000| Untracked 
|  30|0x00000000c4c00000, 0x00000000c4c00000, 0x00000000c4d00000|  0%| F|  |TAMS 0x00000000c4c00000, 0x00000000c4c00000| Untracked 
|  31|0x00000000c4d00000, 0x00000000c4d00000, 0x00000000c4e00000|  0%| F|  |TAMS 0x00000000c4d00000, 0x00000000c4d00000| Untracked 
|  32|0x00000000c4e00000, 0x00000000c4e00000, 0x00000000c4f00000|  0%| F|  |TAMS 0x00000000c4e00000, 0x00000000c4e00000| Untracked 
|  33|0x00000000c4f00000, 0x00000000c4f00000, 0x00000000c5000000|  0%| F|  |TAMS 0x00000000c4f00000, 0x00000000c4f00000| Untracked 
|  34|0x00000000c5000000, 0x00000000c5000000, 0x00000000c5100000|  0%| F|  |TAMS 0x00000000c5000000, 0x00000000c5000000| Untracked 
|  35|0x00000000c5100000, 0x00000000c5100000, 0x00000000c5200000|  0%| F|  |TAMS 0x00000000c5100000, 0x00000000c5100000| Untracked 
|  36|0x00000000c5200000, 0x00000000c5200000, 0x00000000c5300000|  0%| F|  |TAMS 0x00000000c5200000, 0x00000000c5200000| Untracked 
|  37|0x00000000c5300000, 0x00000000c5300000, 0x00000000c5400000|  0%| F|  |TAMS 0x00000000c5300000, 0x00000000c5300000| Untracked 
|  38|0x00000000c5400000, 0x00000000c5400000, 0x00000000c5500000|  0%| F|  |TAMS 0x00000000c5400000, 0x00000000c5400000| Untracked 
|  39|0x00000000c5500000, 0x00000000c5500000, 0x00000000c5600000|  0%| F|  |TAMS 0x00000000c5500000, 0x00000000c5500000| Untracked 
|  40|0x00000000c5600000, 0x00000000c5600000, 0x00000000c5700000|  0%| F|  |TAMS 0x00000000c5600000, 0x00000000c5600000| Untracked 
|  41|0x00000000c5700000, 0x00000000c5700000, 0x00000000c5800000|  0%| F|  |TAMS 0x00000000c5700000, 0x00000000c5700000| Untracked 
|  42|0x00000000c5800000, 0x00000000c5800000, 0x00000000c5900000|  0%| F|  |TAMS 0x00000000c5800000, 0x00000000c5800000| Untracked 
|  43|0x00000000c5900000, 0x00000000c5900000, 0x00000000c5a00000|  0%| F|  |TAMS 0x00000000c5900000, 0x00000000c5900000| Untracked 
|  44|0x00000000c5a00000, 0x00000000c5a00000, 0x00000000c5b00000|  0%| F|  |TAMS 0x00000000c5a00000, 0x00000000c5a00000| Untracked 
|  45|0x00000000c5b00000, 0x00000000c5b00000, 0x00000000c5c00000|  0%| F|  |TAMS 0x00000000c5b00000, 0x00000000c5b00000| Untracked 
|  46|0x00000000c5c00000, 0x00000000c5c00000, 0x00000000c5d00000|  0%| F|  |TAMS 0x00000000c5c00000, 0x00000000c5c00000| Untracked 
|  47|0x00000000c5d00000, 0x00000000c5d00000, 0x00000000c5e00000|  0%| F|  |TAMS 0x00000000c5d00000, 0x00000000c5d00000| Untracked 
|  48|0x00000000c5e00000, 0x00000000c5e00000, 0x00000000c5f00000|  0%| F|  |TAMS 0x00000000c5e00000, 0x00000000c5e00000| Untracked 
|  49|0x00000000c5f00000, 0x00000000c5f00000, 0x00000000c6000000|  0%| F|  |TAMS 0x00000000c5f00000, 0x00000000c5f00000| Untracked 
|  50|0x00000000c6000000, 0x00000000c6000000, 0x00000000c6100000|  0%| F|  |TAMS 0x00000000c6000000, 0x00000000c6000000| Untracked 
|  51|0x00000000c6100000, 0x00000000c6100000, 0x00000000c6200000|  0%| F|  |TAMS 0x00000000c6100000, 0x00000000c6100000| Untracked 
|  52|0x00000000c6200000, 0x00000000c6200000, 0x00000000c6300000|  0%| F|  |TAMS 0x00000000c6200000, 0x00000000c6200000| Untracked 
|  53|0x00000000c6300000, 0x00000000c6300000, 0x00000000c6400000|  0%| F|  |TAMS 0x00000000c6300000, 0x00000000c6300000| Untracked 
|  54|0x00000000c6400000, 0x00000000c6400000, 0x00000000c6500000|  0%| F|  |TAMS 0x00000000c6400000, 0x00000000c6400000| Untracked 
|  55|0x00000000c6500000, 0x00000000c6500000, 0x00000000c6600000|  0%| F|  |TAMS 0x00000000c6500000, 0x00000000c6500000| Untracked 
|  56|0x00000000c6600000, 0x00000000c6600000, 0x00000000c6700000|  0%| F|  |TAMS 0x00000000c6600000, 0x00000000c6600000| Untracked 
|  57|0x00000000c6700000, 0x00000000c6700000, 0x00000000c6800000|  0%| F|  |TAMS 0x00000000c6700000, 0x00000000c6700000| Untracked 
|  58|0x00000000c6800000, 0x00000000c6800000, 0x00000000c6900000|  0%| F|  |TAMS 0x00000000c6800000, 0x00000000c6800000| Untracked 
|  59|0x00000000c6900000, 0x00000000c6900000, 0x00000000c6a00000|  0%| F|  |TAMS 0x00000000c6900000, 0x00000000c6900000| Untracked 
|  60|0x00000000c6a00000, 0x00000000c6a00000, 0x00000000c6b00000|  0%| F|  |TAMS 0x00000000c6a00000, 0x00000000c6a00000| Untracked 
|  61|0x00000000c6b00000, 0x00000000c6b00000, 0x00000000c6c00000|  0%| F|  |TAMS 0x00000000c6b00000, 0x00000000c6b00000| Untracked 
|  62|0x00000000c6c00000, 0x00000000c6c00000, 0x00000000c6d00000|  0%| F|  |TAMS 0x00000000c6c00000, 0x00000000c6c00000| Untracked 
|  63|0x00000000c6d00000, 0x00000000c6d00000, 0x00000000c6e00000|  0%| F|  |TAMS 0x00000000c6d00000, 0x00000000c6d00000| Untracked 
|  64|0x00000000c6e00000, 0x00000000c6e00000, 0x00000000c6f00000|  0%| F|  |TAMS 0x00000000c6e00000, 0x00000000c6e00000| Untracked 
|  65|0x00000000c6f00000, 0x00000000c6f00000, 0x00000000c7000000|  0%| F|  |TAMS 0x00000000c6f00000, 0x00000000c6f00000| Untracked 
|  66|0x00000000c7000000, 0x00000000c7000000, 0x00000000c7100000|  0%| F|  |TAMS 0x00000000c7000000, 0x00000000c7000000| Untracked 
|  67|0x00000000c7100000, 0x00000000c7100000, 0x00000000c7200000|  0%| F|  |TAMS 0x00000000c7100000, 0x00000000c7100000| Untracked 
|  68|0x00000000c7200000, 0x00000000c7200000, 0x00000000c7300000|  0%| F|  |TAMS 0x00000000c7200000, 0x00000000c7200000| Untracked 
|  69|0x00000000c7300000, 0x00000000c7300000, 0x00000000c7400000|  0%| F|  |TAMS 0x00000000c7300000, 0x00000000c7300000| Untracked 
|  70|0x00000000c7400000, 0x00000000c7400000, 0x00000000c7500000|  0%| F|  |TAMS 0x00000000c7400000, 0x00000000c7400000| Untracked 
|  71|0x00000000c7500000, 0x00000000c7500000, 0x00000000c7600000|  0%| F|  |TAMS 0x00000000c7500000, 0x00000000c7500000| Untracked 
|  72|0x00000000c7600000, 0x00000000c7600000, 0x00000000c7700000|  0%| F|  |TAMS 0x00000000c7600000, 0x00000000c7600000| Untracked 
|  73|0x00000000c7700000, 0x00000000c7700000, 0x00000000c7800000|  0%| F|  |TAMS 0x00000000c7700000, 0x00000000c7700000| Untracked 
|  74|0x00000000c7800000, 0x00000000c7800000, 0x00000000c7900000|  0%| F|  |TAMS 0x00000000c7800000, 0x00000000c7800000| Untracked 
|  75|0x00000000c7900000, 0x00000000c7900000, 0x00000000c7a00000|  0%| F|  |TAMS 0x00000000c7900000, 0x00000000c7900000| Untracked 
|  76|0x00000000c7a00000, 0x00000000c7a00000, 0x00000000c7b00000|  0%| F|  |TAMS 0x00000000c7a00000, 0x00000000c7a00000| Untracked 
|  77|0x00000000c7b00000, 0x00000000c7b00000, 0x00000000c7c00000|  0%| F|  |TAMS 0x00000000c7b00000, 0x00000000c7b00000| Untracked 
|  78|0x00000000c7c00000, 0x00000000c7c00000, 0x00000000c7d00000|  0%| F|  |TAMS 0x00000000c7c00000, 0x00000000c7c00000| Untracked 
|  79|0x00000000c7d00000, 0x00000000c7d00000, 0x00000000c7e00000|  0%| F|  |TAMS 0x00000000c7d00000, 0x00000000c7d00000| Untracked 
|  80|0x00000000c7e00000, 0x00000000c7e00000, 0x00000000c7f00000|  0%| F|  |TAMS 0x00000000c7e00000, 0x00000000c7e00000| Untracked 
|  81|0x00000000c7f00000, 0x00000000c7f00000, 0x00000000c8000000|  0%| F|  |TAMS 0x00000000c7f00000, 0x00000000c7f00000| Untracked 
|  82|0x00000000c8000000, 0x00000000c8000000, 0x00000000c8100000|  0%| F|  |TAMS 0x00000000c8000000, 0x00000000c8000000| Untracked 
|  83|0x00000000c8100000, 0x00000000c8100000, 0x00000000c8200000|  0%| F|  |TAMS 0x00000000c8100000, 0x00000000c8100000| Untracked 
|  84|0x00000000c8200000, 0x00000000c8200000, 0x00000000c8300000|  0%| F|  |TAMS 0x00000000c8200000, 0x00000000c8200000| Untracked 
|  85|0x00000000c8300000, 0x00000000c8300000, 0x00000000c8400000|  0%| F|  |TAMS 0x00000000c8300000, 0x00000000c8300000| Untracked 
|  86|0x00000000c8400000, 0x00000000c8400000, 0x00000000c8500000|  0%| F|  |TAMS 0x00000000c8400000, 0x00000000c8400000| Untracked 
|  87|0x00000000c8500000, 0x00000000c8500000, 0x00000000c8600000|  0%| F|  |TAMS 0x00000000c8500000, 0x00000000c8500000| Untracked 
|  88|0x00000000c8600000, 0x00000000c8600000, 0x00000000c8700000|  0%| F|  |TAMS 0x00000000c8600000, 0x00000000c8600000| Untracked 
|  89|0x00000000c8700000, 0x00000000c8700000, 0x00000000c8800000|  0%| F|  |TAMS 0x00000000c8700000, 0x00000000c8700000| Untracked 
|  90|0x00000000c8800000, 0x00000000c8800000, 0x00000000c8900000|  0%| F|  |TAMS 0x00000000c8800000, 0x00000000c8800000| Untracked 
|  91|0x00000000c8900000, 0x00000000c8900000, 0x00000000c8a00000|  0%| F|  |TAMS 0x00000000c8900000, 0x00000000c8900000| Untracked 
|  92|0x00000000c8a00000, 0x00000000c8a00000, 0x00000000c8b00000|  0%| F|  |TAMS 0x00000000c8a00000, 0x00000000c8a00000| Untracked 
|  93|0x00000000c8b00000, 0x00000000c8b00000, 0x00000000c8c00000|  0%| F|  |TAMS 0x00000000c8b00000, 0x00000000c8b00000| Untracked 
|  94|0x00000000c8c00000, 0x00000000c8c00000, 0x00000000c8d00000|  0%| F|  |TAMS 0x00000000c8c00000, 0x00000000c8c00000| Untracked 
|  95|0x00000000c8d00000, 0x00000000c8d00000, 0x00000000c8e00000|  0%| F|  |TAMS 0x00000000c8d00000, 0x00000000c8d00000| Untracked 
|  96|0x00000000c8e00000, 0x00000000c8e00000, 0x00000000c8f00000|  0%| F|  |TAMS 0x00000000c8e00000, 0x00000000c8e00000| Untracked 
|  97|0x00000000c8f00000, 0x00000000c8f02040, 0x00000000c9000000|  0%| S|CS