#
# A fatal error has been detected by the Java Runtime Environment:
#
#  SIGSEGV (0xb) at pc=0x00007f503ea590ad, pid=14803, tid=14819
#
# JRE version: OpenJDK Runtime Environment (11.0.6+10) (build 11.0.6+10-post-Ubuntu-1ubuntu119.10.1)
# Java VM: OpenJDK 64-Bit Server VM (11.0.6+10-post-Ubuntu-1ubuntu119.10.1, mixed mode, sharing, tiered, compressed oops, g1 gc, linux-amd64)
# Problematic frame:
# C  [libjimage.so+0x30ad]
#
# Core dump will be written. Default location: Core dumps may be processed with "/usr/share/apport/apport %p %s %c %d %P %E" (or dumping to /home/fedeparg/POA-Lonja/LonjaPOA/core.14803)
#
# If you would like to submit a bug report, please visit:
#   https://bugs.launchpad.net/ubuntu/+source/openjdk-lts
#

---------------  S U M M A R Y ------------

Command Line: -agentlib:jdwp=transport=dt_socket,suspend=y,address=localhost:42597 -javaagent:/home/fedeparg/eclipse/java-2020-03/eclipse/configuration/org.eclipse.osgi/217/0/.cp/lib/javaagent-shaded.jar -Dfile.encoding=UTF-8 POA.Escenario.EscenarioPrueba configs/scenario.yaml

Host: Intel(R) Core(TM) i7-4770K CPU @ 3.50GHz, 8 cores, 3G, Pop!_OS 19.10
Time: Tue Apr  7 13:04:00 2020 CEST elapsed time: 86 seconds (0d 0h 1m 26s)

---------------  T H R E A D  ---------------

Current thread (0x00007f5038140000):  JavaThread "Signal Dispatcher" daemon [_thread_in_vm, id=14819, stack(0x00007f502022b000,0x00007f502032c000)]

Stack: [0x00007f502022b000,0x00007f502032c000],  sp=0x00007f5020329160,  free space=1016k
Native frames: (J=compiled Java code, A=aot compiled Java code, j=interpreted, Vv=VM code, C=native code)
C  [libjimage.so+0x30ad]
C  [libjimage.so+0x3da2]
C  [libjimage.so+0x42b1]  JIMAGE_FindResource+0xf1
V  [libjvm.so+0x57e251]
V  [libjvm.so+0x580a01]
V  [libjvm.so+0xceb60d]
V  [libjvm.so+0xcea19a]
V  [libjvm.so+0xcec75b]
V  [libjvm.so+0x62d7ce]
V  [libjvm.so+0x818ef6]
j  jdk.internal.misc.Signal.dispatch(I)V+25 java.base@11.0.6
v  ~StubRoutines::call_stub
V  [libjvm.so+0x8218b9]
V  [libjvm.so+0x8208d2]
V  [libjvm.so+0xb7eabe]
V  [libjvm.so+0xd2383f]
V  [libjvm.so+0xd23c20]
V  [libjvm.so+0xd1e888]
V  [libjvm.so+0xb8eef6]

Java frames: (J=compiled Java code, j=interpreted, Vv=VM code)
j  jdk.internal.misc.Signal.dispatch(I)V+25 java.base@11.0.6
v  ~StubRoutines::call_stub

siginfo: si_signo: 11 (SIGSEGV), si_code: 1 (SEGV_MAPERR), si_addr: 0x00007f502f91bdf8

Register to memory mapping:

RAX=0x0000000000002f77 is an unknown value
RBX=0x00007f5020329211 is pointing into the stack for thread: 0x00007f5038140000
RCX=0x00007f5020329233 is pointing into the stack for thread: 0x00007f5038140000
RDX=0x0000000000002f77 is an unknown value
RSP=0x00007f5020329160 is pointing into the stack for thread: 0x00007f5038140000
RBP=0x00007f5020329180 is pointing into the stack for thread: 0x00007f5038140000
RSI=0x0 is NULL
RDI=0x00007f503ea5e130: <offset 0x0000000000008130> in /usr/lib/jvm/java-11-openjdk-amd64/lib/libjimage.so at 0x00007f503ea56000
R8 =0x00007f502f91001c is an unknown value
R9 =0x00007f5038141ad0 points into unknown readable memory: 02 00 00 00 00 00 00 00
R10=0x00007f503fdaae20: <offset 0x0000000000e47e20> in /usr/lib/jvm/java-11-openjdk-amd64/lib/server/libjvm.so at 0x00007f503ef63000
R11=0x00007f502032a388 is pointing into the stack for thread: 0x00007f5038140000
R12=0x00000000000083a0 is an unknown value
R13=0x00007f5020329210 is pointing into the stack for thread: 0x00007f5038140000
R14=0x0 is NULL
R15=0x00007f50381409a0 points into unknown readable memory: 6a 64 6b 2f 69 6e 74 65


Registers:
RAX=0x0000000000002f77, RBX=0x00007f5020329211, RCX=0x00007f5020329233, RDX=0x0000000000002f77
RSP=0x00007f5020329160, RBP=0x00007f5020329180, RSI=0x0000000000000000, RDI=0x00007f503ea5e130
R8 =0x00007f502f91001c, R9 =0x00007f5038141ad0, R10=0x00007f503fdaae20, R11=0x00007f502032a388
R12=0x00000000000083a0, R13=0x00007f5020329210, R14=0x0000000000000000, R15=0x00007f50381409a0
RIP=0x00007f503ea590ad, EFLAGS=0x0000000000010246, CSGSFS=0x002b000000000033, ERR=0x0000000000000004
  TRAPNO=0x000000000000000e

Top of Stack: (sp=0x00007f5020329160)
0x00007f5020329160:   0000000000000000 00007f502032a2a8
0x00007f5020329170:   00007f5038022bd0 00007f5020329210
0x00007f5020329180:   00007f50203291f0 00007f503ea59da2
0x00007f5020329190:   0000000000000000 0000000000000000 

Instructions: (pc=0x00007f503ea590ad)
0x00007f503ea58fad:   f3 ff ff 44 03 65 90 e9 3f fe ff ff 0f 1f 80 00
0x00007f503ea58fbd:   00 00 00 41 8b 10 41 89 55 00 41 8b 54 00 fc 41
0x00007f503ea58fcd:   89 54 05 fc e9 82 fc ff ff 66 2e 0f 1f 84 00 00
0x00007f503ea58fdd:   00 00 00 b9 0a 00 00 00 e9 f0 fc ff ff 41 0f b7
0x00007f503ea58fed:   54 00 fe 66 41 89 54 05 fe e9 5d fc ff ff 0f 1f
0x00007f503ea58ffd:   44 00 00 f3 0f 1e fa 0f b6 17 89 f0 89 f1 4c 8d
0x00007f503ea5900d:   47 01 84 d2 74 1c 0f 1f 44 00 00 69 c9 93 01 00
0x00007f503ea5901d:   01 49 83 c0 01 31 d1 41 0f b6 50 ff 84 d2 75 eb
0x00007f503ea5902d:   89 c8 25 ff ff ff 7f c3 90 66 2e 0f 1f 84 00 00
0x00007f503ea5903d:   00 00 00 f3 0f 1e fa 48 85 d2 0f 84 da 00 00 00
0x00007f503ea5904d:   55 48 89 e5 41 55 41 54 41 89 cc 53 48 83 ec 08
0x00007f503ea5905d:   85 c9 0f 84 ba 00 00 00 49 89 f5 48 8d 5e 01 0f
0x00007f503ea5906d:   b6 36 49 89 d0 40 84 f6 0f 84 9d 00 00 00 48 89
0x00007f503ea5907d:   d9 b8 93 01 00 01 0f 1f 44 00 00 69 d0 93 01 00
0x00007f503ea5908d:   01 48 83 c1 01 40 0f b6 c6 0f b6 71 ff 31 d0 40
0x00007f503ea5909d:   84 f6 75 e7 25 ff ff ff 7f 31 d2 41 f7 f4 89 d0
0x00007f503ea590ad:   41 8b 34 80 48 8b 07 ff 50 20 85 c0 7f 15 74 62
0x00007f503ea590bd:   f7 d0 41 89 c0 48 83 c4 08 44 89 c0 5b 41 5c 41
0x00007f503ea590cd:   5d 5d c3 41 0f b6 4d 00 89 c6 84 c9 74 1b 0f 1f
0x00007f503ea590dd:   44 00 00 69 f6 93 01 00 01 48 83 c3 01 31 ce 0f
0x00007f503ea590ed:   b6 4b ff 84 c9 75 ec 89 f0 25 ff ff ff 7f 31 d2
0x00007f503ea590fd:   48 83 c4 08 41 f7 f4 5b 41 5c 41 5d 5d 41 89 d0
0x00007f503ea5910d:   44 89 c0 c3 0f 1f 80 00 00 00 00 b8 93 01 00 01
0x00007f503ea5911d:   eb 87 41 b8 ff ff ff ff eb 9b 41 83 c8 ff 44 89
0x00007f503ea5912d:   c0 c3 90 f3 0f 1e fa eb 1d 66 2e 0f 1f 84 00 00
0x00007f503ea5913d:   00 00 00 0f b6 16 84 d2 74 13 38 c2 75 15 48 83
0x00007f503ea5914d:   c7 01 48 83 c6 01 0f b6 07 84 c0 75 e6 48 89 f8
0x00007f503ea5915d:   c3 66 90 31 c0 c3 90 66 66 2e 0f 1f 84 00 00 00
0x00007f503ea5916d:   00 00 90 f3 0f 1e fa 48 85 f6 74 51 0f b6 06 84
0x00007f503ea5917d:   c0 74 4a 0f b6 d0 83 e0 07 c1 fa 03 44 8d 50 01
0x00007f503ea5918d:   0f b6 c0 41 89 d1 4c 8d 44 06 02 48 8d 56 01 31
0x00007f503ea5919d:   c0 66 90 0f b6 0a 48 c1 e0 08 48 83 c2 01 48 09 


Stack slot to memory mapping:
stack at sp + 0 slots: 0x0 is NULL
stack at sp + 1 slots: 0x00007f502032a2a8 is pointing into the stack for thread: 0x00007f5038140000
stack at sp + 2 slots: 0x00007f5038022bd0 points into unknown readable memory: 20 67 01 dc 4f 7f 00 00
stack at sp + 3 slots: 0x00007f5020329210 is pointing into the stack for thread: 0x00007f5038140000
stack at sp + 4 slots: 0x00007f50203291f0 is pointing into the stack for thread: 0x00007f5038140000
stack at sp + 5 slots: 0x00007f503ea59da2: <offset 0x0000000000003da2> in /usr/lib/jvm/java-11-openjdk-amd64/lib/libjimage.so at 0x00007f503ea56000
stack at sp + 6 slots: 0x0 is NULL
stack at sp + 7 slots: 0x0 is NULL


---------------  P R O C E S S  ---------------

Threads class SMR info:
_java_thread_list=0x00007f4fe000e0f0, length=34, elements={
0x00007f5038138800, 0x00007f503813a800, 0x00007f5038140000, 0x00007f5038142000,
0x00007f5038144000, 0x00007f5038146000, 0x00007f5038164000, 0x00007f50381a5800,
0x00007f50381a9000, 0x00007f5038271800, 0x00007f50383f6000, 0x00007f503841a800,
0x00007f503844d000, 0x00007f5038453000, 0x00007f50385da800, 0x00007f5038627800,
0x00007f503866e000, 0x00007f503866f000, 0x00007f503866f800, 0x00007f5038640800,
0x00007f5038642800, 0x00007f503885d000, 0x00007f5038862000, 0x00007f5038863000,
0x00007f50388bc000, 0x00007f5038881000, 0x00007f50388ab800, 0x00007f50388ad000,
0x00007f50388b0000, 0x00007f50388b1000, 0x00007f5038016000, 0x00007f4f641c3800,
0x00007f4f641c5800, 0x00007f4f50026800
}

Java Threads: ( => current thread )
  0x00007f5038138800 JavaThread "Reference Handler" daemon [_thread_blocked, id=14817, stack(0x00007f502042d000,0x00007f502052e000)]
  0x00007f503813a800 JavaThread "Finalizer" daemon [_thread_blocked, id=14818, stack(0x00007f502032c000,0x00007f502042d000)]
=>0x00007f5038140000 JavaThread "Signal Dispatcher" daemon [_thread_in_vm, id=14819, stack(0x00007f502022b000,0x00007f502032c000)]
  0x00007f5038142000 JavaThread "C2 CompilerThread0" daemon [_thread_blocked, id=14820, stack(0x00007f502012a000,0x00007f502022b000)]
  0x00007f5038144000 JavaThread "C1 CompilerThread0" daemon [_thread_blocked, id=14821, stack(0x00007f5020029000,0x00007f502012a000)]
  0x00007f5038146000 JavaThread "Sweeper thread" daemon [_thread_blocked, id=14822, stack(0x00007f50187b7000,0x00007f50188b8000)]
  0x00007f5038164000 JavaThread "Common-Cleaner" daemon [_thread_blocked, id=14823, stack(0x00007f50186b6000,0x00007f50187b7000)]
  0x00007f50381a5800 JavaThread "JDWP Transport Listener: dt_socket" daemon [_thread_in_native, id=14825, stack(0x00007f50185b5000,0x00007f50186b6000)]
  0x00007f50381a9000 JavaThread "JDWP Event Helper Thread" daemon [_thread_blocked, id=14827, stack(0x00007f50184b4000,0x00007f50185b5000)]
  0x00007f5038271800 JavaThread "Service Thread" daemon [_thread_blocked, id=14832, stack(0x00007f5018298000,0x00007f5018399000)]
  0x00007f50383f6000 JavaThread "JADE Timer dispatcher" [_thread_blocked, id=14834, stack(0x00007f5018095000,0x00007f5018196000)]
  0x00007f503841a800 JavaThread "JICPServer-10000" daemon [_thread_in_native, id=14835, stack(0x00007f4ffb005000,0x00007f4ffb106000)]
  0x00007f503844d000 JavaThread "Thread-2" [_thread_blocked, id=14836, stack(0x00007f4ffaf04000,0x00007f4ffb005000)]
  0x00007f5038453000 JavaThread "Thread-3" [_thread_in_native, id=14837, stack(0x00007f4ffae03000,0x00007f4ffaf04000)]
  0x00007f50385da800 JavaThread "Java2D Disposer" daemon [_thread_blocked, id=14848, stack(0x00007f4ff8074000,0x00007f4ff8175000)]
  0x00007f5038627800 JavaThread "AWT-XAWT" daemon [_thread_in_native, id=14849, stack(0x00007f4f9b4f8000,0x00007f4f9b5f9000)]
  0x00007f503866e000 JavaThread "Deliverer-00" [_thread_blocked, id=14851, stack(0x00007f4f9b3f7000,0x00007f4f9b4f8000)]
  0x00007f503866f000 JavaThread "Deliverer-01" [_thread_blocked, id=14852, stack(0x00007f4f9b2f6000,0x00007f4f9b3f7000)]
  0x00007f503866f800 JavaThread "Deliverer-02" [_thread_blocked, id=14853, stack(0x00007f4f9b1f5000,0x00007f4f9b2f6000)]
  0x00007f5038640800 JavaThread "Deliverer-03" [_thread_blocked, id=14854, stack(0x00007f4f9b0f4000,0x00007f4f9b1f5000)]
  0x00007f5038642800 JavaThread "Deliverer-04" [_thread_blocked, id=14855, stack(0x00007f4f9aff3000,0x00007f4f9b0f4000)]
  0x00007f503885d000 JavaThread "Thread-9" [_thread_in_native, id=14856, stack(0x00007f4f9abb4000,0x00007f4f9acb5000)]
  0x00007f5038862000 JavaThread "ams" [_thread_blocked, id=14857, stack(0x00007f4f9aab3000,0x00007f4f9abb4000)]
  0x00007f5038863000 JavaThread "df" [_thread_blocked, id=14858, stack(0x00007f4f9a9b2000,0x00007f4f9aab3000)]
  0x00007f50388bc000 JavaThread "rma" [_thread_blocked, id=14859, stack(0x00007f4f9a8b1000,0x00007f4f9a9b2000)]
  0x00007f5038881000 JavaThread "Lonja" [_thread_in_vm, id=14860, stack(0x00007f4ffa5f4000,0x00007f4ffa6f5000)]
  0x00007f50388ab800 JavaThread "Comprador1" [_thread_blocked, id=14861, stack(0x00007f4ffa4f3000,0x00007f4ffa5f4000)]
  0x00007f50388ad000 JavaThread "Comprador2" [_thread_blocked, id=14862, stack(0x00007f4ffa3f2000,0x00007f4ffa4f3000)]
  0x00007f50388b0000 JavaThread "Vendedor1" [_thread_blocked, id=14863, stack(0x00007f4f9aef2000,0x00007f4f9aff3000)]
  0x00007f50388b1000 JavaThread "Vendedor2" [_thread_blocked, id=14864, stack(0x00007f4f9adf1000,0x00007f4f9aef2000)]
  0x00007f5038016000 JavaThread "DestroyJavaVM" [_thread_blocked, id=14809, stack(0x00007f503eb0b000,0x00007f503ec0c000)]
  0x00007f4f641c3800 JavaThread "AWT-Shutdown" [_thread_blocked, id=14867, stack(0x00007f4f9acf0000,0x00007f4f9adf1000)]
  0x00007f4f641c5800 JavaThread "AWT-EventQueue-0" [_thread_blocked, id=14868, stack(0x00007f4f9a5b0000,0x00007f4f9a6b1000)]
  0x00007f4f50026800 JavaThread "TimerQueue" daemon [_thread_blocked, id=14872, stack(0x00007f4f99992000,0x00007f4f99a93000)]

Other Threads:
  0x00007f5038135800 VMThread "VM Thread" [stack: 0x00007f5020530000,0x00007f5020630000] [id=14816]
  0x00007f5038273800 WatcherThread [stack: 0x00007f5018198000,0x00007f5018298000] [id=14833]
  0x00007f503802e800 GCTaskThread "GC Thread#0" [stack: 0x00007f503e772000,0x00007f503e872000] [id=14811]
  0x00007f5008001000 GCTaskThread "GC Thread#1" [stack: 0x00007f4ffad03000,0x00007f4ffae03000] [id=14838]
  0x00007f5008002800 GCTaskThread "GC Thread#2" [stack: 0x00007f4ffac01000,0x00007f4ffad01000] [id=14839]
  0x00007f5008004800 GCTaskThread "GC Thread#3" [stack: 0x00007f4ffaaff000,0x00007f4ffabff000] [id=14840]
  0x00007f5008006000 GCTaskThread "GC Thread#4" [stack: 0x00007f4ffa9fd000,0x00007f4ffaafd000] [id=14841]
  0x00007f5008008000 GCTaskThread "GC Thread#5" [stack: 0x00007f4ffa8fb000,0x00007f4ffa9fb000] [id=14842]
  0x00007f500800a000 GCTaskThread "GC Thread#6" [stack: 0x00007f4ffa7f9000,0x00007f4ffa8f9000] [id=14843]
  0x00007f500800b800 GCTaskThread "GC Thread#7" [stack: 0x00007f4ffa6f7000,0x00007f4ffa7f7000] [id=14844]
  0x00007f503804a000 ConcurrentGCThread "G1 Main Marker" [stack: 0x00007f503c925000,0x00007f503ca25000] [id=14812]
  0x00007f503804c000 ConcurrentGCThread "G1 Conc#0" [stack: 0x00007f503c823000,0x00007f503c923000] [id=14813]
  0x00007f5014001000 ConcurrentGCThread "G1 Conc#1" [stack: 0x00007f4f9a2b0000,0x00007f4f9a3b0000] [id=14869]
  0x00007f50380a0000 ConcurrentGCThread "G1 Refine#0" [stack: 0x00007f5020810000,0x00007f5020910000] [id=14814]
  0x00007f50380a1800 ConcurrentGCThread "G1 Young RemSet Sampling" [stack: 0x00007f502070e000,0x00007f502080e000] [id=14815]

Threads with active compile tasks:

VM state:not at safepoint (normal execution)

VM Mutex/Monitor currently owned by a thread: None

Heap address: 0x00000000c2e00000, size: 978 MB, Compressed Oops mode: 32-bit
Narrow klass base: 0x0000000800000000, Narrow klass shift: 3
Compressed class space size: 1073741824 Address: 0x0000000840000000

Heap:
 garbage-first heap   total 276480K, used 60110K [0x00000000c2e00000, 0x0000000100000000)
  region size 1024K, 53 young (54272K), 1 survivors (1024K)
 Metaspace       used 23921K, capacity 24722K, committed 25088K, reserved 1071104K
  class space    used 2884K, capacity 3221K, committed 3328K, reserved 1048576K
Heap Regions: E=young(eden), S=young(survivor), O=old, HS=humongous(starts), HC=humongous(continues), CS=collection set, F=free, A=archive, TAMS=top-at-mark-start (previous, next)
|   0|0x00000000c2e00000, 0x00000000c2f00000, 0x00000000c2f00000|100%| O|  |TAMS 0x00000000c2f00000, 0x00000000c2e00000| Untracked 
|   1|0x00000000c2f00000, 0x00000000c3000000, 0x00000000c3000000|100%| O|  |TAMS 0x00000000c3000000, 0x00000000c2f00000| Untracked 
|   2|0x00000000c3000000, 0x00000000c3100000, 0x00000000c3100000|100%| O|  |TAMS 0x00000000c3100000, 0x00000000c3000000| Untracked 
|   3|0x00000000c3100000, 0x00000000c3200000, 0x00000000c3200000|100%| O|  |TAMS 0x00000000c31baa00, 0x00000000c3100000| Untracked 
|   4|0x00000000c3200000, 0x00000000c3300000, 0x00000000c3300000|100%| O|  |TAMS 0x00000000c3200000, 0x00000000c3200000| Untracked 
|   5|0x00000000c3300000, 0x00000000c3400000, 0x00000000c3400000|100%| O|  |TAMS 0x00000000c3300000, 0x00000000c3300000| Untracked 
|   6|0x00000000c3400000, 0x00000000c3500000, 0x00000000c3500000|100%| O|  |TAMS 0x00000000c3400000, 0x00000000c3400000| Untracked 
|   7|0x00000000c3500000, 0x00000000c3500a00, 0x00000000c3600000|  0%| O|  |TAMS 0x00000000c3500000, 0x00000000c3500000| Untracked 
|   8|0x00000000c3600000, 0x00000000c3600000, 0x00000000c3700000|  0%| F|  |TAMS 0x00000000c3600000, 0x00000000c3600000| Untracked 
|   9|0x00000000c3700000, 0x00000000c3700000, 0x00000000c3800000|  0%| F|  |TAMS 0x00000000c3700000, 0x00000000c3700000| Untracked 
|  10|0x00000000c3800000, 0x00000000c3800000, 0x00000000c3900000|  0%| F|  |TAMS 0x00000000c3800000, 0x00000000c3800000| Untracked 
|  11|0x00000000c3900000, 0x00000000c3900000, 0x00000000c3a00000|  0%| F|  |TAMS 0x00000000c3900000, 0x00000000c3900000| Untracked 
|  12|0x00000000c3a00000, 0x00000000c3a00000, 0x00000000c3b00000|  0%| F|  |TAMS 0x00000000c3a00000, 0x00000000c3a00000| Untracked 
|  13|0x00000000c3b00000, 0x00000000c3b00000, 0x00000000c3c00000|  0%| F|  |TAMS 0x00000000c3b00000, 0x00000000c3b00000| Untracked 
|  14|0x00000000c3c00000, 0x00000000c3c00000, 0x00000000c3d00000|  0%| F|  |TAMS 0x00000000c3c00000, 0x00000000c3c00000| Untracked 
|  15|0x00000000c3d00000, 0x00000000c3d00000, 0x00000000c3e00000|  0%| F|  |TAMS 0x00000000c3d00000, 0x00000000c3d00000| Untracked 
|  16|0x00000000c3e00000, 0x00000000c3e00000, 0x00000000c3f00000|  0%| F|  |TAMS 0x00000000c3e00000, 0x00000000c3e00000| Untracked 
|  17|0x00000000c3f00000, 0x00000000c3f00000, 0x00000000c4000000|  0%| F|  |TAMS 0x00000000c3f00000, 0x00000000c3f00000| Untracked 
|  18|0x00000000c4000000, 0x00000000c4000000, 0x00000000c4100000|  0%| F|  |TAMS 0x00000000c4000000, 0x00000000c4000000| Untracked 
|  19|0x00000000c4100000, 0x00000000c4100000, 0x00000000c4200000|  0%| F|  |TAMS 0x00000000c4100000, 0x00000000c4100000| Untracked 
|  20|0x00000000c4200000, 0x00000000c4200000, 0x00000000c4300000|  0%| F|  |TAMS 0x00000000c4200000, 0x00000000c4200000| Untracked 
|  21|0x00000000c4300000, 0x00000000c4300000, 0x00000000c4400000|  0%| F|  |TAMS 0x00000000c4300000, 0x00000000c4300000| Untracked 
|  22|0x00000000c4400000, 0x00000000c4400000, 0x00000000c4500000|  0%| F|  |TAMS 0x00000000c4400000, 0x00000000c4400000| Untracked 
|  23|0x00000000c4500000, 0x00000000c4500000, 0x00000000c4600000|  0%| F|  |TAMS 0x00000000c4500000, 0x00000000c4500000| Untracked 
|  24|0x00000000c4600000, 0x00000000c4600000, 0x00000000c4700000|  0%| F|  |TAMS 0x00000000c4600000, 0x00000000c4600000| Untracked 
|  25|0x00000000c4700000, 0x00000000c4700000, 0x00000000c4800000|  0%| F|  |TAMS 0x00000000c4700000, 0x00000000c4700000| Untracked 
|  26|0x00000000c4800000, 0x00000000c4800000, 0x00000000c4900000|  0%| F|  |TAMS 0x00000000c4800000, 0x00000000c4800000| Untracked 
|  27|0x00000000c4900000, 0x00000000c4900000, 0x00000000c4a00000|  0%| F|  |TAMS 0x00000000c4900000, 0x00000000c4900000| Untracked 
|  28|0x00000000c4a00000, 0x00000000c4a00000, 0x00000000c4b00000|  0%| F|  |TAMS 0x00000000c4a00000, 0x00000000c4a00000| Untracked 
|  29|0x00000000c4b00000, 0x00000000c4b00000, 0x00000000c4c00000|  0%| F|  |TAMS 0x00000000c4b00000, 0x00000000c4b00000| Untracked 
|  30|0x00000000c4c00000, 0x00000000c4c00000, 0x00000000c4d00000|  0%| F|  |TAMS 0x00000000c4c00000, 0x00000000c4c00000| Untracked 
|  31|0x00000000c4d00000, 0x00000000c4d00000, 0x00000000c4e00000|  0%| F|  |TAMS 0x00000000c4d00000, 0x00000000c4d00000| Untracked 
|  32|0x00000000c4e00000, 0x00000000c4e00000, 0x00000000c4f00000|  0%| F|  |TAMS 0x00000000c4e00000, 0x00000000c4e00000| Untracked 
|  33|0x00000000c4f00000, 0x00000000c4f00000, 0x00000000c5000000|  0%| F|  |TAMS 0x00000000c4f00000, 0x00000000c4f00000| Untracked 
|  34|0x00000000c5000000, 0x00000000c5000000, 0x00000000c5100000|  0%| F|  |TAMS 0x00000000c5000000, 0x00000000c5000000| Untracked 
|  35|0x00000000c5100000, 0x00000000c5100000, 0x00000000c5200000|  0%| F|  |TAMS 0x00000000c5100000, 0x00000000c5100000| Untracked 
|  36|0x00000000c5200000, 0x00000000c5200000, 0x00000000c5300000|  0%| F|  |TAMS 0x00000000c5200000, 0x00000000c5200000| Untracked 
|  37|0x00000000c5300000, 0x00000000c5300000, 0x00000000c5400000|  0%| F|  |TAMS 0x00000000c5300000, 0x00000000c5300000| Untracked 
|  38|0x00000000c5400000, 0x00000000c5400000, 0x00000000c5500000|  0%| F|  |TAMS 0x00000000c5400000, 0x00000000c5400000| Untracked 
|  39