#
# A fatal error has been detected by the Java Runtime Environment:
#
#  SIGSEGV (0xb) at pc=0x00007fbcf981b0ad, pid=8674, tid=8689
#
# JRE version: OpenJDK Runtime Environment (11.0.6+10) (build 11.0.6+10-post-Ubuntu-1ubuntu119.10.1)
# Java VM: OpenJDK 64-Bit Server VM (11.0.6+10-post-Ubuntu-1ubuntu119.10.1, mixed mode, sharing, tiered, compressed oops, g1 gc, linux-amd64)
# Problematic frame:
# C  [libjimage.so+0x30ad]
#
# Core dump will be written. Default location: Core dumps may be processed with "/usr/share/apport/apport %p %s %c %d %P %E" (or dumping to /home/fedeparg/POA-Lonja/LonjaPOA/core.8674)
#
# If you would like to submit a bug report, please visit:
#   https://bugs.launchpad.net/ubuntu/+source/openjdk-lts
#

---------------  S U M M A R Y ------------

Command Line: -agentlib:jdwp=transport=dt_socket,suspend=y,address=localhost:43847 -javaagent:/home/fedeparg/eclipse/java-2019-12/eclipse/configuration/org.eclipse.osgi/220/0/.cp/lib/javaagent-shaded.jar -Dfile.encoding=UTF-8 Escenario.EscenarioPrueba configs/scenario.yaml

Host: Intel(R) Core(TM) i7-4770K CPU @ 3.50GHz, 8 cores, 5G, Ubuntu 19.10
Time: Wed Mar 18 18:29:13 2020 CET elapsed time: 32 seconds (0d 0h 0m 32s)

---------------  T H R E A D  ---------------

Current thread (0x00007fbcf4169800):  JavaThread "Signal Dispatcher" daemon [_thread_in_vm, id=8689, stack(0x00007fbcd404b000,0x00007fbcd414c000)]

Stack: [0x00007fbcd404b000,0x00007fbcd414c000],  sp=0x00007fbcd4149160,  free space=1016k
Native frames: (J=compiled Java code, A=aot compiled Java code, j=interpreted, Vv=VM code, C=native code)
C  [libjimage.so+0x30ad]
C  [libjimage.so+0x3da2]
C  [libjimage.so+0x42b1]  JIMAGE_FindResource+0xf1
V  [libjvm.so+0x57e251]
V  [libjvm.so+0x580a01]
V  [libjvm.so+0xceb60d]
V  [libjvm.so+0xcea19a]
V  [libjvm.so+0xcec75b]
V  [libjvm.so+0x62d7ce]
V  [libjvm.so+0x818ef6]
j  jdk.internal.misc.Signal.dispatch(I)V+25 java.base@11.0.6
v  ~StubRoutines::call_stub
V  [libjvm.so+0x8218b9]
V  [libjvm.so+0x8208d2]
V  [libjvm.so+0xb7eabe]
V  [libjvm.so+0xd2383f]
V  [libjvm.so+0xd23c20]
V  [libjvm.so+0xd1e888]
V  [libjvm.so+0xb8eef6]

Java frames: (J=compiled Java code, j=interpreted, Vv=VM code)
j  jdk.internal.misc.Signal.dispatch(I)V+25 java.base@11.0.6
v  ~StubRoutines::call_stub

siginfo: si_signo: 11 (SIGSEGV), si_code: 1 (SEGV_MAPERR), si_addr: 0x00007fbceb91bdf8

Register to memory mapping:

RAX=