#
# A fatal error has been detected by the Java Runtime Environment:
#
#  SIGSEGV (0xb) at pc=0x00007fbbd05d90ad, pid=11514, tid=11530
#
# JRE version: OpenJDK Runtime Environment (11.0.6+10) (build 11.0.6+10-post-Ubuntu-1ubuntu119.10.1)
# Java VM: OpenJDK 64-Bit Server VM (11.0.6+10-post-Ubuntu-1ubuntu119.10.1, mixed mode, sharing, tiered, compressed oops, g1 gc, linux-amd64)
# Problematic frame:
# C  [libjimage.so+0x30ad]
#
# Core dump will be written. Default location: Core dumps may be processed with "/usr/share/apport/apport %p %s %c %d %P %E" (or dumping to /home/fedeparg/POA-Lonja/LonjaPOA/core.11514)
#
# If you would like to submit a bug report, please visit:
#   https://bugs.launchpad.net/ubuntu/+source/openjdk-lts
#

---------------  S U M M A R Y ------------

Command Line: -agentlib:jdwp=transport=dt_socket,suspend=y,address=localhost:38511 -javaagent:/home/fedeparg/eclipse/java-2020-03/eclipse/configuration/org.eclipse.osgi/217/0/.cp/lib/javaagent-shaded.jar -Dfile.encoding=UTF-8 POA.Escenario.EscenarioPrueba configs/scenario.yaml

Host: Intel(R) Core(TM) i7-4770K CPU @ 3.50GHz, 8 cores, 3G, Pop!_OS 19.10
Time: Tue Apr  7 12:29:31 2020 CEST elapsed time: 48 seconds (0d 0h 0m 48s)

---------------  T H R E A D  ---------------

Current thread (0x00007fbbcc140000):  JavaThread "Signal Dispatcher" daemon [_thread_in_vm, id=11530, stack(0x00007fbbac60a000,0x00007fbbac70b000)]

Stack: [0x00007fbbac60a000,0x00007fbbac70b000],  sp=0x00007fbbac708160,  free space=1016k
Native frames: (J=compiled Java code, A=aot compiled Java code, j=interpreted, Vv=VM code, C=native code)
C  [libjimage.so+0x30ad]
C  [libjimage.so+0x3da2]
C  [libjimage.so+0x42b1]  JIMAGE_FindResource+0xf1
V  [libjvm.so+0x57e251]
V  [libjvm.so+0x580a01]
V  [libjvm.so+0xceb60d]
V  [libjvm.so+0xcea19a]
V  [libjvm.so+0xcec75b]
V  [libjvm.so+0x62d7ce]
V  [libjvm.so+0x818ef6]
j  jdk.internal.misc.Signal.dispatch(I)V+25 java.base@11.0.6
v  ~StubRoutines::call_stub
V  [libjvm.so+0x8218b9]
V  [libjvm.so+0x8208d2]
V  [libjvm.so+0xb7eabe]
V  [libjvm.so+0xd2383f]
V  [libjvm.so+0xd23c20]
V  [libjvm.so+0xd1e888]
V  [libjvm.so+0xb8eef6]

Java frames: (J=compiled Java code, j=interpreted, Vv=VM code)
j  jdk.internal.misc.Signal.dispatch(I)V+25 java.base@11.0.6
v  ~StubRoutines::call_stub

siginfo: si_signo: 11 (SIGSEGV), si_code: 1 (SEGV_MAPERR), si_addr: 0x00007fbbc391bdf8

Register to memory mapping:

RAX=0x0000000000002f77 is an unknown value
RBX=0x00007fbbac708211 is pointing into the stack for thread: 0x00007fbbcc140000
RCX=0x00007fbbac708233 is pointing into the stack for thread: 0x00007fbbcc140000
RDX=0x0000000000002f77 is an unknown value
RSP=0x00007fbbac708160 is pointing into the stack for thread: 0x00007fbbcc140000
RBP=0x00007fbbac708180 is pointing into the stack for thread: 0x00007fbbcc140000
RSI=0x0 is NULL
RDI=0x00007fbbd05de130: <offset 0x0000000000008130> in /usr/lib/jvm/java-11-openjdk-amd64/lib/libjimage.so at 0x00007fbbd05d6000
R8 =0x00007fbbc391001c is an unknown value
R9 =0x00007fbbcc141ad0 points into unknown readable memory: 02 00 00 00 00 00 00 00
R10=0x00007fbbd192ae20: <offset 0x0000000000e47e20> in /usr/lib/jvm/java-11-openjdk-amd64/lib/server/libjvm.so at 0x00007fbbd0ae3000
R11=0x00007fbbac709388 is pointing into the stack for thread: 0x00007fbbcc140000
R12=0x00000000000083a0 is an unknown value
R13=0x00007fbbac708210 is pointing into the stack for thread: 0x00007fbbcc140000
R14=0x0 is NULL
R15=0x00007fbbcc1409a0 points into unknown readable memory: 6a 64 6b 2f 69 6e 74 65


Registers:
RAX=0x0000000000002f77, RBX=0x00007fbbac708211, RCX=0x00007fbbac708233, RDX=0x0000000000002f77
RSP=0x00007fbbac708160, RBP=0x00007fbbac708180, RSI=0x0000000000000000, RDI=0x00007fbbd05de130
R8 =0x00007fbbc391001c, R9 =0x00007fbbcc141ad0, R10=0x00007fbbd192ae20, R11=0x00007fbbac709388
R12=0x00000000000083a0, R13=0x00007fbbac708210, R14=0x0000000000000000, R15=0x00007fbbcc1409a0
RIP=0x00007fbbd05d90ad, EFLAGS=0x0000000000010246, CSGSFS=0x002b000000000033, ERR=0x0000000000000004
  TRAPNO=0x000000000000000e

Top of Stack: (sp=0x00007fbbac708160)
0x00007fbbac708160:   0000000000000000 00007fbbac7092a8
0x00007fbbac708170:   00007fbbcc022bd0 00007fbbac708210
0x00007fbbac708180:   00007fbbac7081f0 00007fbbd05d9da2
0x00007fbbac708190:   0000000000000000 0000000000000000 

Instructions: (pc=0x00007fbbd05d90ad)
0x00007fbbd05d8fad:   f3 ff ff 44 03 65 90 e9 3f fe ff ff 0f 1f 80 00
0x00007fbbd05d8fbd:   00 00 00 41 8b 10 41 89 55 00 41 8b 54 00 fc 41
0x00007fbbd05d8fcd:   89 54 05 fc e9 82 fc ff ff 66 2e 0f 1f 84 00 00
0x00007fbbd05d8fdd:   00 00 00 b9 0a 00 00 00 e9 f0 fc ff 