#
# A fatal error has been detected by the Java Runtime Environment:
#
#  SIGSEGV (0xb) at pc=0x00007fa2579f30ad, pid=7555, tid=7571
#
# JRE version: OpenJDK Runtime Environment (11.0.6+10) (build 11.0.6+10-post-Ubuntu-1ubuntu119.10.1)
# Java VM: OpenJDK 64-Bit Server VM (11.0.6+10-post-Ubuntu-1ubuntu119.10.1, mixed mode, sharing, tiered, compressed oops, g1 gc, linux-amd64)
# Problematic frame:
# C  [libjimage.so+0x30ad]
#
# Core dump will be written. Default location: Core dumps may be processed with "/usr/share/apport/apport %p %s %c %d %P %E" (or dumping to /home/fedeparg/POA-Lonja/LonjaPOA/core.7555)
#
# If you would like to submit a bug report, please visit:
#   https://bugs.launchpad.net/ubuntu/+source/openjdk-lts
#

---------------  S U M M A R Y ------------

Command Line: -agentlib:jdwp=transport=dt_socket,suspend=y,address=localhost:43731 -javaagent:/home/fedeparg/eclipse/java-2019-12/eclipse/configuration/org.eclipse.osgi/220/0/.cp/lib/javaagent-shaded.jar -Dfile.encoding=UTF-8 Escenario.EscenarioPrueba configs/scenario.yaml

Host: Intel(R) Core(TM) i7-4770K CPU @ 3.50GHz, 8 cores, 5G, Ubuntu 19.10
Time: Wed Mar 18 18:22:15 2020 CET elapsed time: 244 seconds (0d 0h 4m 4s)

---------------  T H R E A D  ---------------

Current thread (0x00007fa250169800):  JavaThread "Signal Dispatcher" daemon [_thread_in_vm, id=7571, stack(0x00007fa23016e000,0x00007fa23026f000)]

Stack: [0x00007fa23016e000,0x00007fa23026f000],  sp=0x00007fa23026c160,  free space=1016k
Native frames: (J=compiled Java code, A=aot compiled Java code, j=interpreted, Vv=VM code, C=native code)
C  [libjimage.so+0x30ad]
C  [libjimage.so+0x3da2]
C  [libjimage.so+0x42b1]  JIMAGE_FindResource+0xf1
V  [libjvm.so+0x57e251]
V  [libjvm.so+0x580a01]
V  [libjvm.so+0xceb60d]
V  [libjvm.so+0xcea19a]
V  [libjvm.so+0xcec75b]
V  [libjvm.so+0x62d7ce]
V  [libjvm.so+0x818ef6]
j  jdk.internal.misc.Signal.dispatch(I)V+25 java.base@11.0.6
v  ~StubRoutines::call_stub
V  [libjvm.so+0x8218b9]
V  [libjvm.so+0x8208d2]
V  [libjvm.so+0xb7eabe]
V  [libjvm.so+0xd2383f]
V  [libjvm.so+0xd23c20]
V  [libjvm.so+0xd1e888]
V  [libjvm.so+0xb8eef6]

Java frames: (J=compiled Java code, j=interpreted, Vv=VM code)
j  jdk.internal.misc.Signal.dispatch(I)V+25 java.base@11.0.6
v  ~StubRoutines::call_stub

siginfo: si_signo: 11 (SIGSEGV), si_code: 1 (SEGV_MAPERR), si_addr: 0x00007fa24791bdf8

Register to memory mapping:

RAX=0x0000000000002f77 is an unknown value
RBX=0x00007fa23026c211 is pointing into the stack for thread: 0x00007fa250169800
RCX=0x00007fa23026c233 is pointing into the stack for thread: 0x00007fa250169800
RDX=0x0000000000002f77 is an unknown value
RSP=0x00007fa23026c160 is pointing into the stack for thread: 0x00007fa250169800
RBP=0x00007fa23026c180 is pointing into the stack for thread: 0x00007fa250169800
RSI=0x0 is NULL
RDI=0x00007fa2579f8130: <offset 0x0000000000008130> in /usr/lib/jvm/java-11-openjdk-amd64/lib/libjimage.so at 0x00007fa2579f0000
R8 =0x00007fa24791001c is an unknown value
R9 =0x00007fa25016b3a0 points into unknown readable memory: 02 00 00 00 00 00 00 00
R10=0x0000000000000031 is an unknown value
R11=0x00007fa23026d388 is pointing into the stack for thread: 0x00007fa250169800
R12=0x00000000000083a0 is an unknown value
R13=0x00007fa23026c210 is pointing into the stack for thread: 0x00007fa250169800
R14=0x0 is NULL
R15=0x00007fa25016a270 points into unknown readable memory: 6a 64 6b 2f 69 6e 74 65


Registers:
RAX=0x0000000000002f77, RBX=0x00007fa23026c211, RCX=0x00007fa23026c233, RDX=0x0000000000002f77
RSP=0x00007fa23026c160, RBP=0x00007fa23026c180, RSI=0x0000000000000000, RDI=0x00007fa2579f8130
R8 =0x00007fa24791001c, R9 =0x00007fa25016b3a0, R10=0x0000000000000031, R11=0x00007fa23026d388
R12=0x00000000000083a0, R13=0x00007fa23026c210, R14=0x0000000000000000, R15=0x00007fa25016a270
RIP=0x00007fa2579f30ad, EFLAGS=0x0000000000010246, CSGSFS=0x002b000000000033, ERR=0x0000000000000004
  TRAPNO=0x000000000000000e

Top of Stack: (sp=0x00007fa23026c160)
0x00007fa23026c160:   0000000000000000 00007fa23026d2a8
0x00007fa23026c170:   00007fa250022bd0 00007fa23026c210
0x00007fa23026c180:   00007fa23026c1f0 00007fa2579f3da2
0x00007fa23026c190:   0000000000000000 0000000000000000 

Instructions: (pc=0x00007fa2579f30ad)
0x00007fa2579f2fad:   f3 ff ff 44 03 65 90 e9 3f fe ff ff 0f 1f 80 00
0x00007fa2579f2fbd:   00 00 00 41 8b 10 41 89 55 00 41 8b 54 00 fc 41
0x00007fa2579f2fcd:   89 54 05 fc e9 82 fc ff ff 66 2e 0f 1f 84 00 00
0x00007fa2579f2fdd:   00 00 00 b9 0a 00 00 00 e9 f0 fc ff ff 41 0f b7
0x00007fa2579f2fed:   54 00 fe 66 41 89 54 05 fe e9 5d fc ff ff 0f 1f
0x00007fa2579f2ffd:   44 00 00 f3 0f 1e fa 0f b6 17 89 f0 89 f1 4c 8d
0x00007fa2579f300d:   47 01 84 d2 74 1c 0f 1f 44 00 00 69 c9 93 01 00
0x00007fa2579f301d:   01 49 83 c0 01 31 d1 41 0f b6 50 ff 84 d2 75 eb
0x00007fa2579f302d:   89 c8 25 ff ff ff 7f c3 90 66 2e 0f 1f 84 00 00
0x00007fa2579f303d:   00 00 00 f3 0f 1e fa 48 85 d2 0f 84 da 00 00 00
0x00007fa2579f304d:   55 48 89 e5 41 55 41 54 41 89 cc 53 48 83 ec 08
0x00007fa2579f305d:   85 c9 0f 84 ba 00 00 00 49 89 f5 48 8d 5e 01 0f
0x00007fa2579f306d:   b6 36 49 89 d0 40 84 f6 0f 84 9d 00 00 00 48 89
0x00007fa2579f307d:   d9 b8 93 01 00 01 0f 1f 44 00 00 69 d0 93 01 00
0x00007fa2579f308d:   01 48 83 c1 01 40 0f b6 c6 0f b6 71 ff 31 d0 40
0x00007fa2579f309d:   84 f6 75 e7 25 ff ff ff 7f 31 d2 41 f7 f4 89 d0
0x00007fa2579f30ad:   41 8b 34 80 48 8b 07 ff 50 20 85 c0 7f 15 74 62
0x00007fa2579f30bd:   f7 d0 41 89 c0 48 83 c4 08 44 89 c0 5b 41 5c 41
0x00007fa2579f30cd:   5d 5d c3 41 0f b6 4d 00 89 c6 84 c9 74 1b 0f 1f
0x00007fa2579f30dd:   44 00 00 69 f6 93 01 00 01 48 83 c3 01 31 ce 0f
0x00007fa2579f30ed:   b6 4b ff 84 c9 75 ec 89 f0 25 ff ff ff 7f 31 d2
0x00007fa2579f30fd:   48 83 c4 08 41 f7 f4 5b 41 5c 41 5d 5d 41 89 d0
0x00007fa2579f310d:   44 89 c0 c3 0f 1f 80 00 00 00 00 b8 93 01 00 01
0x00007fa2579f311d:   eb 87 41 b8 ff ff ff ff eb 9b 41 83 c8 ff 44 89
0x00007fa2579f312d:   c0 c3 90 f3 0f 1e fa eb 1d 66 2e 0f 1f 84 00 00
0x00007fa2579f313d:   00 00 00 0f b6 16 84 d2 74 13 38 c2 75 15 48 83
0x00007fa2579f314d:   c7 01 48 83 c6 01 0f b6 07 84 c0 75 e6 48 89 f8
0x00007fa2579f315d:   c3 66 90 31 c0 c3 90 66 66 2e 0f 1f 84 00 00 00
0x00007fa2579f316d:   00 00 90 f3 0f 1e fa 48 85 f6 74 51 0f b6 06 84
0x00007fa2579f317d:   c0 74 4a 0f b6 d0 83 e0 07 c1 fa 03 44 8d 50 01
0x00007fa2579f318d:   0f b6 c0 41 89 d1 4c 8d 44 06 02 48 8d 56 01 31
0x00007fa2579f319d:   c0 66 90 0f b6 0a 48 c1 e0 08 48 83 c2 01 48 09 


Stack slot to memory mapping:
stack at sp + 0 slots: 0x0 is NULL
stack at sp + 1 slots: 0x00007fa23026d2a8 is pointing into the stack for thread: 0x00007fa250169800
stack at sp + 2 slots: 0x00007fa250022bd0 points into unknown readable memory: 50 2c 02 50 a2 7f 00 00
stack at sp + 3 slots: 0x00007fa23026c210 is pointing into the stack for thread: 0x00007fa250169800
stack at sp + 4 slots: 0x00007fa23026c1f0 is pointing into the stack for thread: 0x00007fa250169800
stack at sp + 5 slots: 0x00007fa2579f3da2: <offset 0x0000000000003da2> in /usr/lib/jvm/java-11-openjdk-amd64/lib/libjimage.so at 0x00007fa2579f0000
stack at sp + 6 slots: 0x0 is NULL
stack at sp + 7 slots: 0x0 is NULL


---------------  P R O C E S S  ---------------

Threads class SMR info:
_java_thread_list=0x00007fa1f00035c0, length=29, elements={
0x00007fa250016000, 0x00007fa250161000, 0x00007fa250163000, 0x00007fa250169800,
0x00007fa25016b800, 0x00007fa25016e000, 0x00007fa250170000, 0x00007fa250195800,
0x00007fa2501e7000, 0x00007fa2501ea800, 0x00007fa2502b2800, 0x00007fa2503c3000,
0x00007fa2503de000, 0x00007fa2503d8000, 0x00007fa2503e1800, 0x00007fa250521000,
0x00007fa250580800, 0x00007fa2505c7800, 0x00007fa2505c8800, 0x00007fa2505ce800,
0x00007fa2505c4800, 0x00007fa2505c6800, 0x00007fa2505f5000, 0x00007fa2505f7000,
0x00007fa2505ff800, 0x00007fa25054f800, 0x00007fa184228000, 0x00007fa1842fa800,
0x00007fa17402b800
}

Java Threads: ( => current thread )
  0x00007fa250016000 JavaThread "main" [_thread_blocked, id=7560, stack(0x00007fa257aa7000,0x00007fa257ba8000)]
  0x00007fa250161000 JavaThread "Reference Handler" daemon [_thread_blocked, id=7569, stack(0x00007fa23800f000,0x00007fa238110000)]
  0x00007fa250163000 JavaThread "Finalizer" daemon [_thread_blocked, id=7570, stack(0x00007fa2307df000,0x00007fa2308e0000)]
=>0x00007fa250169800 JavaThread "Signal Dispatcher" daemon [_thread_in_vm, id=7571, stack(0x00007fa23016e000,0x00007fa23026f000)]
  0x00007fa25016b800 JavaThread "C2 CompilerThread0" daemon [_thread_blocked, id=7572, stack(0x00007fa23006d000,0x00007fa23016e000)]
  0x00007fa25016e000 JavaThread "C1 CompilerThread0" daemon [_thread_blocked, id=7573, stack(0x00007fa20beff000,0x00007fa20c000000)]
  0x00007fa250170000 JavaThread "Sweeper thread" daemon [_thread_blocked, id=7574, stack(0x00007fa20bdfe000,0x00007fa20beff000)]
  0x00007fa250195800 JavaThread "Common-Cleaner" daemon [_thread_blocked, id=7575, stack(0x00007fa20bcfd000,0x00007fa20bdfe000)]
  0x00007fa2501e7000 JavaThread "JDWP Transport Listener: dt_socket" daemon [_thread_in_native, id=7578, stack(0x00007fa20bafb000,0x00007fa20bbfc000)]
  0x00007fa2501ea800 JavaThread "JDWP Event Helper Thread" daemon [_thread_blocked, id=7581, stack(0x00007fa20b9fa000,0x00007fa20bafb000)]
  0x00007fa2502b2800 JavaThread "Service Thread" daemon [_thread_blocked, id=7585, stack(0x00007fa20bbfc000,0x00007fa20bcfd000)]
  0x00007fa2503c3000 JavaThread "JADE Timer dispatcher" [_thread_blocked, id=7778, stack(0x00007fa20b6f6000,0x00007fa20b7f7000)]
  0x00007fa2503de000 JavaThread "JICPServer-8888" daemon [_thread_in_native, id=7779, stack(0x00007fa20b5f5000,0x00007fa20b6f6000)]
  0x00007fa2503d8000 JavaThread "Thread-2" [_thread_blocked, id=7780, stack(0x00007fa20b4f4000,0x00007fa20b5f5000)]
  0x00007fa2503e1800 JavaThread "Thread-3" [_thread_in_native, id=7781, stack(0x00007fa20b3f3000,0x00007fa20b4f4000)]
  0x00007fa250521000 JavaThread "Java2D Disposer" daemon [_thread_blocked, id=7794, stack(0x00007fa208573000,0x00007fa208674000)]
  0x00007fa250580800 JavaThread "AWT-XAWT" daemon [_thread_in_native, id=7795, stack(0x00007fa208056000,0x00007fa208157000)]
  0x00007fa2505c7800 JavaThread "Deliverer-00" [_thread_blocked, id=7796, stack(0x00007fa1abeff000,0x00007fa1ac000000)]
  0x00007fa2505c8800 JavaThread "Deliverer-01" [_thread_blocked, id=7797, stack(0x00007fa1abdfe000,0x00007fa1abeff000)]
  0x00007fa2505ce800 JavaThread "Deliverer-02" [_thread_blocked, id=7798, stack(0x00007fa1abcfd000,0x00007fa1abdfe000)]
  0x00007fa2505c4800 JavaThread "Deliverer-03" [_thread_blocked, id=7799, stack(0x00007fa1abbfc000,0x00007fa1abcfd000)]
  0x00007fa2505c6800 JavaThread "Deliverer-04" [_thread_blocked, id=7800, stack(0x00007fa1abafb000,0x00007fa1abbfc000)]
  0x00007fa2505f5000 JavaThread "Thread-9" [_thread_in_native, id=7804, stack(0x00007fa1ab7fa000,0x00007fa1ab8fb000)]
  0x00007fa2505f7000 JavaThread "ams" [_thread_blocked, id=7805, stack(0x00007fa1ab6f9000,0x00007fa1ab7fa000)]
  0x00007fa2505ff800 JavaThread "df" [_thread_blocked, id=7806, stack(0x00007fa1ab5f8000,0x00007fa1ab6f9000)]
  0x00007fa25054f800 JavaThread "rma" [_thread_blocked, id=7827, stack(0x00007fa1ab4f7000,0x00007fa1ab5f8000)]
  0x00007fa184228000 JavaThread "AWT-Shutdown" [_thread_blocked, id=7831, stack(0x00007fa1aab0a000,0x00007fa1aac0b000)]
  0x00007fa1842fa800 JavaThread "AWT-EventQueue-0" [_thread_blocked, id=7832, stack(0x00007fa1aaa09000,0x00007fa1aab0a000)]
  0x00007fa17402b800 JavaThread "TimerQueue" daemon [_thread_blocked, id=7837, stack(0x00007fa1a9760000,0x00007fa1a9861000)]

Other Threads:
  0x00007fa25015e000 VMThread "VM Thread" [stack: 0x00007fa2540ec000,0x00007fa2541ec000] [id=7568]
  0x00007fa2502b4000 WatcherThread [stack: 0x00007fa20b7f9000,0x00007fa20b8f9000] [id=7586]
  0x00007fa25002e800 GCTaskThread "GC Thread#0" [stack: 0x00007fa25770e000,0x00007fa25780e000] [id=7561]
  0x00007fa220001000 GCTaskThread "GC Thread#1" [stack: 0x00007fa20b2f3000,0x00007fa20b3f3000] [id=7782]
  0x00007fa220002800 GCTaskThread "GC Thread#2" [stack: 0x00007fa20b1f1000,0x00007fa20b2f1000] [id=7783]
  0x00007fa220004800 GCTaskThread "GC Thread#3" [stack: 0x00007fa20b0ef000,0x00007fa20b1ef000] [id=7784]
  0x00007fa220006000 GCTaskThread "GC Thread#4" [stack: 0x00007fa20afed000,0x00007fa20b0ed000] [id=7785]
  0x00007fa220008000 GCTaskThread "GC Thread#5" [stack: 0x00007fa20aeeb000,0x00007fa20afeb000] [id=7786]
  0x00007fa22000a000 GCTaskThread "GC Thread#6" [stack: 0x00007fa20ade9000,0x00007fa20aee9000] [id=7787]
  0x00007fa22000b800 GCTaskThread "GC Thread#7" [stack: 0x00007fa20ace7000,0x00007fa20ade7000] [id=7788]
  0x00007fa250055000 ConcurrentGCThread "G1 Main Marker" [stack: 0x00007fa254dd8000,0x00007fa254ed8000] [id=7562]
  0x00007fa250057000 